[2019-12-13 15:14:18] START
[2019-12-13 15:20:22] CREATE basics.py: 0
[2019-12-13 15:21:34] EDIT test1/controllers/basics.py: 3
[2019-12-13 15:22:20] CREATE basics/helloworld.html: 0
[2019-12-13 15:25:03] EDIT test1/controllers/basics.py: 0
[2019-12-13 15:26:15] EDIT test1/views/basics/helloworld.html: 5
[2019-12-13 15:30:29] EDIT test1/controllers/basics.py: 8
[2019-12-13 15:30:47] CREATE basics/request_args.html: 0
[2019-12-13 15:31:37] EDIT test1/views/basics/request_args.html: 2
[2019-12-13 15:34:46] EDIT test1/controllers/basics.py: 9
[2019-12-13 15:35:17] EDIT test1/controllers/basics.py: 0
[2019-12-13 15:35:47] CREATE basics/request_vars.html: 0
[2019-12-13 15:37:54] EDIT test1/views/basics/request_vars.html: 7
[2019-12-13 15:38:43] EDIT test1/views/basics/request_vars.html: 0
[2019-12-13 15:39:36] EDIT test1/controllers/basics.py: 0
[2019-12-13 15:41:05] EDIT test1/controllers/basics.py: 0
[2019-12-13 15:41:45] EDIT test1/views/basics/request_vars.html: 0
[2019-12-13 15:42:06] EDIT test1/views/basics/request_vars.html: 0
[2019-12-13 15:43:15] EDIT test1/views/basics/request_vars.html: 0
[2019-12-13 15:44:08] EDIT test1/views/basics/request_vars.html: 0
[2019-12-14 10:01:23] EDIT test1/controllers/basics.py: 10
[2019-12-14 10:02:01] CREATE basics/request.html: 0
[2019-12-14 10:02:16] CREATE basics/request_objects.html: 0
[2019-12-14 10:04:52] EDIT test1/views/basics/request_objects.html: 9
[2019-12-14 10:06:14] EDIT test1/controllers/basics.py: 0
[2019-12-14 10:06:34] EDIT test1/controllers/basics.py: 0
[2019-12-14 10:07:15] EDIT test1/controllers/basics.py: 0
[2019-12-14 10:09:17] EDIT test1/controllers/basics.py: 1
[2019-12-14 10:12:26] EDIT test1/controllers/basics.py: 12
[2019-12-14 10:13:43] EDIT test1/controllers/basics.py: 0
[2019-12-14 10:14:12] CREATE basics/random_number.html: 0
[2019-12-14 10:15:41] EDIT test1/views/basics/random_number.html: 5
[2019-12-14 10:17:04] EDIT test1/controllers/basics.py: 0
[2019-12-14 10:17:41] EDIT test1/views/basics/random_number.html: 0
[2019-12-14 10:46:37] EDIT test1/models/db.py: 1
[2019-12-14 10:54:55] EDIT test1/models/db.py: 0
[2019-12-14 10:56:54] EDIT test1/models/db.py: 5
[2019-12-14 10:57:21] CREATE blog.py: 0
[2019-12-14 10:59:18] EDIT test1/controllers/blog.py: 6
[2019-12-14 10:59:26] EDIT test1/controllers/blog.py: 0
[2019-12-14 10:59:45] EDIT test1/controllers/blog.py: 0
[2019-12-14 10:59:53] EDIT test1/controllers/blog.py: 0
[2019-12-14 11:00:58] CREATE blog/post.html: 0
[2019-12-14 11:01:37] EDIT test1/views/blog/post.html: 0
[2019-12-14 11:05:57] EDIT test1/models/db.py: 0
[2019-12-14 11:06:23] EDIT test1/models/db.py: 0
